<?xml version="1.0" encoding="UTF-8"?>
<testsuite xmlns:xsi="http://www.w3.org/2001/XMLSchema-instance" xsi:noNamespaceSchemaLocation="https://maven.apache.org/surefire/maven-surefire-plugin/xsd/surefire-test-report-3.0.xsd" version="3.0" name="TP1.BranchCoverageTest.Exo6Test" time="0.148" tests="6" errors="0" skipped="0" failures="1">
  <properties>
[...]
</properties>
  <testcase name="shouldTakeDefaultBranch" classname="TP1.BranchCoverageTest.Exo6Test" time="0.057"/>
  <testcase name="shouldThrowWhenValueIsInvalid" classname="TP1.BranchCoverageTest.Exo6Test" time="0.004"/>
  <testcase name="shouldNotThrowWhenValueIsValid" classname="TP1.BranchCoverageTest.Exo6Test" time="0.013">
    <failure message="Unexpected exception thrown: java.lang.IllegalArgumentException: n must be positive" type="org.opentest4j.AssertionFailedError"><![CDATA[org.opentest4j.AssertionFailedError: Unexpected exception thrown: java.lang.IllegalArgumentException: n must be positive
	at org.junit.jupiter.api.AssertionFailureBuilder.build(AssertionFailureBuilder.java:152)
	at org.junit.jupiter.api.AssertDoesNotThrow.createAssertionFailedError(AssertDoesNotThrow.java:84)
	at org.junit.jupiter.api.AssertDoesNotThrow.assertDoesNotThrow(AssertDoesNotThrow.java:75)
	at org.junit.jupiter.api.AssertDoesNotThrow.assertDoesNotThrow(AssertDoesNotThrow.java:58)
	at org.junit.jupiter.api.Assertions.assertDoesNotThrow(Assertions.java:3228)
	at TP1.BranchCoverageTest.Exo6Test.shouldNotThrowWhenValueIsValid(Exo6Test.java:16)
	at java.base/java.lang.reflect.Method.invoke(Method.java:565)
	at java.base/java.util.ArrayList.forEach(ArrayList.java:1604)
	at java.base/java.util.ArrayList.forEach(ArrayList.java:1604)
Caused by: java.lang.IllegalArgumentException: n must be positive
	at TP1.FizzBuzz.fizzBuzz(FizzBuzz.java:6)
	at TP1.BranchCoverageTest.Exo6Test.lambda$shouldNotThrowWhenValueIsValid$0(Exo6Test.java:16)
	at org.junit.jupiter.api.AssertDoesNotThrow.assertDoesNotThrow(AssertDoesNotThrow.java:71)
	... 6 more
]]></failure>
  </testcase>
  <testcase name="shouldTakeFizzBranch" classname="TP1.BranchCoverageTest.Exo6Test" time="0.002"/>
  <testcase name="shouldTakeBuzzBranch" classname="TP1.BranchCoverageTest.Exo6Test" time="0.003"/>
  <testcase name="shouldTakeFizzBuzzBranch" classname="TP1.BranchCoverageTest.Exo6Test" time="0.002"/>
</testsuite>