-------------------------------------------------------------------------------
Test set: TP1.ConditionCoverageTest.Exo2Test
-------------------------------------------------------------------------------
Tests run: 4, Failures: 0, Errors: 1, Skipped: 0, Time elapsed: 0.021 s <<< FAILURE! -- in TP1.ConditionCoverageTest.Exo2Test
TP1.ConditionCoverageTest.Exo2Test.validAnagram -- Time elapsed: 0.005 s <<< ERROR!
java.lang.StringIndexOutOfBoundsException: Index 5 out of bounds for length 5
	at java.base/jdk.internal.util.Preconditions$1.apply(Preconditions.java:55)
	at java.base/jdk.internal.util.Preconditions$1.apply(Preconditions.java:52)
	at java.base/jdk.internal.util.Preconditions$4.apply(Preconditions.java:213)
	at java.base/jdk.internal.util.Preconditions$4.apply(Preconditions.java:210)
	at java.base/jdk.internal.util.Preconditions.outOfBounds(Preconditions.java:98)
	at java.base/jdk.internal.util.Preconditions.outOfBoundsCheckIndex(Preconditions.java:106)
	at java.base/jdk.internal.util.Preconditions.checkIndex(Preconditions.java:302)
	at java.base/java.lang.String.checkIndex(String.java:4917)
	at java.base/java.lang.StringLatin1.charAt(StringLatin1.java:46)
	at java.base/java.lang.String.charAt(String.java:1616)
	at TP1.Anagram.isAnagram(Anagram.java:15)
	at TP1.ConditionCoverageTest.Exo2Test.validAnagram(Exo2Test.java:22)
	at java.base/java.lang.reflect.Method.invoke(Method.java:565)
	at java.base/java.util.ArrayList.forEach(ArrayList.java:1604)
	at java.base/java.util.ArrayList.forEach(ArrayList.java:1604)

